Tue, 19 Apr 2022 10:33:10 - localhost - /src/handle.php - Received File => "Queued_project_test.xlsx"
Tue, 19 Apr 2022 10:34:17 - localhost - /src/handle.php - Received File => "Report - 02.03.2021_example.xlsx"
Tue, 19 Apr 2022 10:35:24 - localhost - /src/handle.php - File => 763.xlsx
Tue, 19 Apr 2022 10:35:24 - localhost - /src/handle.php - File location => C:\Users\Peter.Njega\Desktop\Coding\ExcelToJson-pure-php\src/uploads/763.xlsx
Tue, 19 Apr 2022 10:35:24 - localhost - /src/handle.php - Received File => "Report - 02.03.2021_example.xlsx"
Tue, 19 Apr 2022 10:36:11 - localhost - /src/handle.php - File => 173.xlsx
Tue, 19 Apr 2022 10:36:11 - localhost - /src/handle.php - File location => C:\Users\Peter.Njega\Desktop\Coding\ExcelToJson-pure-php\src/../uploads/173.xlsx
Tue, 19 Apr 2022 10:36:11 - localhost - /src/handle.php - Received File => "Queued_project_test.xlsx"
Tue, 19 Apr 2022 10:37:07 - localhost - /src/handle.php - File => 216.xlsx
Tue, 19 Apr 2022 10:37:07 - localhost - /src/handle.php - File location => ../uploads/216.xlsx
Tue, 19 Apr 2022 10:37:07 - localhost - /src/handle.php - Received File => "Queued_project_test.xlsx"
Tue, 19 Apr 2022 10:38:39 - localhost - /src/handle.php - File => 568.xlsx
Tue, 19 Apr 2022 10:38:39 - localhost - /src/handle.php - File location => ../uploads/568.xlsx
Tue, 19 Apr 2022 10:38:39 - localhost - /src/handle.php - Received File => "Report - 02.03.2021_example.xlsx"
Tue, 19 Apr 2022 10:39:30 - localhost - /src/handle.php - File => 949.xlsx
Tue, 19 Apr 2022 10:39:30 - localhost - /src/handle.php - File location => ../uploads/949.xlsx
Tue, 19 Apr 2022 10:39:30 - localhost - /src/handle.php - Received File => "Report - 02.03.2021_example.xlsx"
Tue, 19 Apr 2022 10:40:40 - localhost - /src/handle.php - File => 233.xlsx
Tue, 19 Apr 2022 10:40:40 - localhost - /src/handle.php - File location => ../uploads/233.xlsx
Tue, 19 Apr 2022 10:40:40 - localhost - /src/handle.php - Received File => "Report - 02.03.2021_example.xlsx"
Tue, 19 Apr 2022 10:42:26 - localhost - /src/handle.php - File => 729.xlsx
Tue, 19 Apr 2022 10:42:26 - localhost - /src/handle.php - File location => ../uploads/729.xlsx
Tue, 19 Apr 2022 10:42:26 - localhost - /src/handle.php - Received File => "Report - 02.03.2021_example.xlsx"
Tue, 19 Apr 2022 10:44:13 - localhost - /src/handle.php - File => 177.xlsx
Tue, 19 Apr 2022 10:44:13 - localhost - /src/handle.php - File location => ../uploads/177.xlsx
Tue, 19 Apr 2022 10:44:13 - localhost - /src/handle.php - Received File => "Queued_project_test.xlsx"
Tue, 19 Apr 2022 10:45:11 - localhost - /src/handle.php - File => 662.xlsx
Tue, 19 Apr 2022 10:45:11 - localhost - /src/handle.php - File location => ../uploads/662.xlsx
Tue, 19 Apr 2022 10:45:11 - localhost - /src/handle.php - Received File => "Report - 02.03.2021_example.xlsx"
Tue, 19 Apr 2022 10:45:41 - localhost - /src/handle.php - File => 316.xlsx
Tue, 19 Apr 2022 10:45:41 - localhost - /src/handle.php - File location => ../uploads/316.xlsx
Tue, 19 Apr 2022 10:45:41 - localhost - /src/handle.php - Received File => "Report - 02.03.2021_example.xlsx"
Tue, 19 Apr 2022 12:22:12 - localhost - /src/handle.php - File => 340.xlsx
Tue, 19 Apr 2022 12:22:12 - localhost - /src/handle.php - File location => ../uploads/340.xlsx
Tue, 19 Apr 2022 12:22:12 - localhost - /src/handle.php - Received File => "Report - 02.03.2021_example.xlsx"
Tue, 19 Apr 2022 12:23:30 - localhost - /src/handle.php - File => 517.xlsx
Tue, 19 Apr 2022 12:23:30 - localhost - /src/handle.php - File location => ../uploads/517.xlsx
Tue, 19 Apr 2022 12:23:30 - localhost - /src/handle.php - Received File => "Queued_project_test.xlsx"
Tue, 19 Apr 2022 12:24:42 - localhost - /src/handle.php - File => 683.xlsx
Tue, 19 Apr 2022 12:24:42 - localhost - /src/handle.php - File location => ../uploads/683.xlsx
Tue, 19 Apr 2022 12:24:43 - localhost - /src/handle.php - Received File => "Report - 02.03.2021_example.xlsx"
Tue, 19 Apr 2022 12:24:59 - localhost - /src/handle.php - File => 847.xlsx
Tue, 19 Apr 2022 12:24:59 - localhost - /src/handle.php - File location => ../uploads/847.xlsx
Tue, 19 Apr 2022 12:24:59 - localhost - /src/handle.php - Received File => "Queued_project_test.xlsx"
Tue, 19 Apr 2022 12:25:12 - localhost - /src/handle.php - File => 103.xlsx
Tue, 19 Apr 2022 12:25:12 - localhost - /src/handle.php - File location => ../uploads/103.xlsx
Tue, 19 Apr 2022 12:25:12 - localhost - /src/handle.php - Received File => "Queued_project_test.xlsx"
Tue, 19 Apr 2022 12:26:54 - localhost - /src/handle.php - File => 685.xlsx
Tue, 19 Apr 2022 12:26:54 - localhost - /src/handle.php - File location => ../uploads/685.xlsx
Tue, 19 Apr 2022 12:26:54 - localhost - /src/handle.php - Received File => "Report - 02.03.2021_example.xlsx"
Tue, 19 Apr 2022 13:13:49 - localhost - /src/handle.php - File => 475.xlsx
Tue, 19 Apr 2022 13:13:49 - localhost - /src/handle.php - File location => ../uploads/475.xlsx
Tue, 19 Apr 2022 13:15:59 - localhost - /src/handle.php - File => 859.xlsx
Tue, 19 Apr 2022 13:15:59 - localhost - /src/handle.php - File location => ../uploads/859.xlsx
Tue, 19 Apr 2022 13:16:38 - localhost - /src/handle.php - File => 145.xlsx
Tue, 19 Apr 2022 13:16:38 - localhost - /src/handle.php - File location => ../uploads/145.xlsx
Tue, 19 Apr 2022 13:17:10 - localhost - /src/handle.php - File => 907.xlsx
Tue, 19 Apr 2022 13:17:10 - localhost - /src/handle.php - File location => ../uploads/907.xlsx
Tue, 19 Apr 2022 13:17:57 - localhost - /src/handle.php - File => 806.xlsx
Tue, 19 Apr 2022 13:17:57 - localhost - /src/handle.php - File location => ../uploads/806.xlsx
Tue, 19 Apr 2022 13:24:48 - localhost - /src/handle.php - Received File => null
Tue, 19 Apr 2022 13:34:15 - localhost - /src/handle.php - File => 285.xlsx
Tue, 19 Apr 2022 13:34:15 - localhost - /src/handle.php - File location../uploads/285.xlsx
